<?xml version="1.0" encoding="utf-8"?><testsuites name="pytest tests"><testsuite name="pytest" errors="0" failures="0" skipped="0" tests="44" time="19.454" timestamp="2026-07-06T21:09:48.844100+00:00" hostname="agent-env-4d1fa294-48a5-4d97-ab0f-62fc2c2f3c31"><testcase classname="backend.tests.test_iteration3_features.TestNotifications" name="test_list_manager" time="1.767" /><testcase classname="backend.tests.test_iteration3_features.TestNotifications" name="test_list_employee" time="0.447" /><testcase classname="backend.tests.test_iteration3_features.TestNotifications" name="test_unread_count_shape" time="0.102" /><testcase classname="backend.tests.test_iteration3_features.TestNotifications" name="test_creating_doc_increases_mgr_unread" time="0.312" /><testcase classname="backend.tests.test_iteration3_features.TestNotifications" name="test_mark_single_read" time="0.338" /><testcase classname="backend.tests.test_iteration3_features.TestNotifications" name="test_mark_all_read" time="0.239" /><testcase classname="backend.tests.test_iteration3_features.TestNotifications" name="test_delete_notification" time="0.436" /><testcase classname="backend.tests.test_iteration3_features.TestConversion" name="test_full_conversion_flow" time="0.545" /><testcase classname="backend.tests.test_iteration3_features.TestConversion" name="test_employee_cannot_convert" time="0.214" /><testcase classname="backend.tests.test_iteration3_features.TestUserManagement" name="test_register_and_notif" time="2.267" /><testcase classname="backend.tests.test_iteration3_features.TestUserManagement" name="test_update_user" time="0.119" /><testcase classname="backend.tests.test_iteration3_features.TestUserManagement" name="test_toggle_active_notifies_user" time="0.958" /><testcase classname="backend.tests.test_iteration3_features.TestUserManagement" name="test_delete_user" time="0.118" /><testcase classname="backend.tests.test_iteration3_features.TestUserManagement" name="test_cannot_delete_self" time="0.252" /><testcase classname="backend.tests.test_iteration3_features.TestUserManagement" name="test_employee_cannot_register" time="0.114" /><testcase classname="backend.tests.test_iteration3_features.TestExpenseReview" name="test_reject_with_remarks" time="0.305" /><testcase classname="backend.tests.test_iteration3_features.TestExpenseReview" name="test_approve_with_remarks" time="0.299" /><testcase classname="backend.tests.test_iteration3_features.TestLetterheadPDFs" name="test_quotation_pdf_large" time="0.439" /><testcase classname="backend.tests.test_iteration3_features.TestLetterheadPDFs" name="test_invoice_pdf_large" time="0.436" /><testcase classname="backend.tests.test_iteration3_features.TestLetterheadPDFs" name="test_receipt_pdf_large" time="0.506" /><testcase classname="backend.tests.test_iteration3_features.TestLetterheadPDFs" name="test_service_report_pdf_large" time="0.601" /><testcase classname="backend.tests.test_iteration3_features.TestOwnerRole" name="test_owner_has_manager_privs" time="1.649" /><testcase classname="backend.tests.test_smart_eye_hub.TestAuth" name="test_manager_login" time="0.332" /><testcase classname="backend.tests.test_smart_eye_hub.TestAuth" name="test_employee_login" time="0.412" /><testcase classname="backend.tests.test_smart_eye_hub.TestAuth" name="test_wrong_password" time="0.345" /><testcase classname="backend.tests.test_smart_eye_hub.TestAuth" name="test_me" time="0.434" /><testcase classname="backend.tests.test_smart_eye_hub.TestCustomers" name="test_list_seeded" time="0.109" /><testcase classname="backend.tests.test_smart_eye_hub.TestCustomers" name="test_create" time="0.202" /><testcase classname="backend.tests.test_smart_eye_hub.TestInventory" name="test_list_seeded" time="0.102" /><testcase classname="backend.tests.test_smart_eye_hub.TestInventory" name="test_create" time="0.129" /><testcase classname="backend.tests.test_smart_eye_hub.TestWorks" name="test_list_employees" time="0.106" /><testcase classname="backend.tests.test_smart_eye_hub.TestWorks" name="test_work_lifecycle" time="0.908" /><testcase classname="backend.tests.test_smart_eye_hub.TestQuotations" name="test_create_quotation_calcs" time="0.113" /><testcase classname="backend.tests.test_smart_eye_hub.TestQuotations" name="test_employee_cannot_create_quotation" time="0.199" /><testcase classname="backend.tests.test_smart_eye_hub.TestQuotations" name="test_quotation_pdf" time="0.454" /><testcase classname="backend.tests.test_smart_eye_hub.TestQuotations" name="test_auto_number_increments" time="0.332" /><testcase classname="backend.tests.test_smart_eye_hub.TestInvoices" name="test_create_and_pdf" time="0.560" /><testcase classname="backend.tests.test_smart_eye_hub.TestReceipts" name="test_create_and_pdf" time="0.535" /><testcase classname="backend.tests.test_smart_eye_hub.TestServiceReports" name="test_employee_can_create" time="0.543" /><testcase classname="backend.tests.test_smart_eye_hub.TestPurchases" name="test_create_and_detail" time="0.312" /><testcase classname="backend.tests.test_smart_eye_hub.TestExpenses" name="test_employee_create_and_scoping" time="0.319" /><testcase classname="backend.tests.test_smart_eye_hub.TestMaterialRequests" name="test_create_and_status_update" time="0.220" /><testcase classname="backend.tests.test_smart_eye_hub.TestDashboard" name="test_manager_summary" time="0.102" /><testcase classname="backend.tests.test_smart_eye_hub.TestDashboard" name="test_employee_summary" time="0.113" /></testsuite></testsuites>