<?xml version="1.0" encoding="utf-8"?><testsuites name="pytest tests"><testsuite name="pytest" errors="0" failures="0" skipped="0" tests="22" time="5.083" timestamp="2026-07-05T12:08:59.324087+00:00" hostname="agent-env-4d1fa294-48a5-4d97-ab0f-62fc2c2f3c31"><testcase classname="tests.test_smart_eye_hub.TestAuth" name="test_manager_login" time="0.403" /><testcase classname="tests.test_smart_eye_hub.TestAuth" name="test_employee_login" time="0.316" /><testcase classname="tests.test_smart_eye_hub.TestAuth" name="test_wrong_password" time="0.318" /><testcase classname="tests.test_smart_eye_hub.TestAuth" name="test_me" time="0.435" /><testcase classname="tests.test_smart_eye_hub.TestCustomers" name="test_list_seeded" time="0.100" /><testcase classname="tests.test_smart_eye_hub.TestCustomers" name="test_create" time="0.189" /><testcase classname="tests.test_smart_eye_hub.TestInventory" name="test_list_seeded" time="0.095" /><testcase classname="tests.test_smart_eye_hub.TestInventory" name="test_create" time="0.092" /><testcase classname="tests.test_smart_eye_hub.TestWorks" name="test_list_employees" time="0.094" /><testcase classname="tests.test_smart_eye_hub.TestWorks" name="test_work_lifecycle" time="0.808" /><testcase classname="tests.test_smart_eye_hub.TestQuotations" name="test_create_quotation_calcs" time="0.099" /><testcase classname="tests.test_smart_eye_hub.TestQuotations" name="test_employee_cannot_create_quotation" time="0.094" /><testcase classname="tests.test_smart_eye_hub.TestQuotations" name="test_quotation_pdf" time="0.117" /><testcase classname="tests.test_smart_eye_hub.TestQuotations" name="test_auto_number_increments" time="0.284" /><testcase classname="tests.test_smart_eye_hub.TestInvoices" name="test_create_and_pdf" time="0.198" /><testcase classname="tests.test_smart_eye_hub.TestReceipts" name="test_create_and_pdf" time="0.198" /><testcase classname="tests.test_smart_eye_hub.TestServiceReports" name="test_employee_can_create" time="0.200" /><testcase classname="tests.test_smart_eye_hub.TestPurchases" name="test_create_and_detail" time="0.299" /><testcase classname="tests.test_smart_eye_hub.TestExpenses" name="test_employee_create_and_scoping" time="0.301" /><testcase classname="tests.test_smart_eye_hub.TestMaterialRequests" name="test_create_and_status_update" time="0.188" /><testcase classname="tests.test_smart_eye_hub.TestDashboard" name="test_manager_summary" time="0.095" /><testcase classname="tests.test_smart_eye_hub.TestDashboard" name="test_employee_summary" time="0.098" /></testsuite></testsuites>